Using pre-set license
Built from '2020.3/staging' branch; Version is '2020.3.28f1 (f5400f52e03f) revision 16072719'; Using compiler version '192528614'; Build Type 'Release'
OS: 'Windows 10  (10.0.19043) 64bit Core' Language: 'ru' Physical Memory: 16332 MB
BatchMode: 1, IsHumanControllingUs: 0, StartBugReporterOnCrash: 0, Is64bit: 1, IsPro: 0

COMMAND LINE ARGUMENTS:
C:\Program Files\Unity\Hub\Editor\2020.3.28f1\Editor\Unity.exe
-adb2
-batchMode
-noUpm
-name
AssetImportWorker0
-projectPath
D:/Repositori/SwampAttack
-logFile
Logs/AssetImportWorker0.log
-srvPort
64279
Successfully changed project path to: D:/Repositori/SwampAttack
D:/Repositori/SwampAttack
Using Asset Import Pipeline V2.
Refreshing native plugins compatible for Editor in 56.00 ms, found 3 plugins.
Preloading 0 native plugins for Editor in 0.00 ms.
Initialize engine version: 2020.3.28f1 (f5400f52e03f)
[Subsystems] Discovering subsystems at path C:/Program Files/Unity/Hub/Editor/2020.3.28f1/Editor/Data/Resources/UnitySubsystems
[Subsystems] Discovering subsystems at path D:/Repositori/SwampAttack/Assets
GfxDevice: creating device client; threaded=0
Direct3D:
    Version:  Direct3D 11.0 [level 11.1]
    Renderer: NVIDIA GeForce GTX 1060 3GB (ID=0x1c02)
    Vendor:   
    VRAM:     2988 MB
    Driver:   30.0.14.9729
Initialize mono
Mono path[0] = 'C:/Program Files/Unity/Hub/Editor/2020.3.28f1/Editor/Data/Managed'
Mono path[1] = 'C:/Program Files/Unity/Hub/Editor/2020.3.28f1/Editor/Data/MonoBleedingEdge/lib/mono/unityjit'
Mono config path = 'C:/Program Files/Unity/Hub/Editor/2020.3.28f1/Editor/Data/MonoBleedingEdge/etc'
Using monoOptions --debugger-agent=transport=dt_socket,embedding=1,server=y,suspend=n,address=127.0.0.1:56992
Begin MonoManager ReloadAssembly
Registering precompiled unity dll's ...
Register platform support module: C:/Program Files/Unity/Hub/Editor/2020.3.28f1/Editor/Data/PlaybackEngines/WebGLSupport/UnityEditor.WebGL.Extensions.dll
Register platform support module: C:/Program Files/Unity/Hub/Editor/2020.3.28f1/Editor/Data/PlaybackEngines/WindowsStandaloneSupport/UnityEditor.WindowsStandalone.Extensions.dll
Registered in 0.007042 seconds.
Native extension for WindowsStandalone target not found
Native extension for WebGL target not found
Refreshing native plugins compatible for Editor in 51.59 ms, found 3 plugins.
Preloading 0 native plugins for Editor in 0.00 ms.
Mono: successfully reloaded assembly
- Completed reload, in  0.703 seconds
Domain Reload Profiling:
	ReloadAssembly (703ms)
		BeginReloadAssembly (91ms)
			ExecutionOrderSort (0ms)
			DisableScriptedObjects (0ms)
			BackupInstance (0ms)
			ReleaseScriptingObjects (0ms)
			CreateAndSetChildDomain (1ms)
		EndReloadAssembly (507ms)
			LoadAssemblies (84ms)
			RebuildTransferFunctionScriptingTraits (0ms)
			SetupTypeCache (163ms)
			ReleaseScriptCaches (0ms)
			RebuildScriptCaches (30ms)
			SetupLoadedEditorAssemblies (190ms)
				LogAssemblyErrors (0ms)
				InitializePlatformSupportModulesInManaged (7ms)
				SetLoadedEditorAssemblies (0ms)
				RefreshPlugins (52ms)
				BeforeProcessingInitializeOnLoad (18ms)
				ProcessInitializeOnLoadAttributes (84ms)
				ProcessInitializeOnLoadMethodAttributes (29ms)
				AfterProcessingInitializeOnLoad (0ms)
				EditorAssembliesLoaded (0ms)
			ExecutionOrderSort2 (0ms)
			AwakeInstancesAfterBackupRestoration (0ms)
Platform modules already initialized, skipping
Registering precompiled user dll's ...
Registered in 0.005710 seconds.
Begin MonoManager ReloadAssembly
Native extension for WindowsStandalone target not found
Native extension for WebGL target not found
Refreshing native plugins compatible for Editor in 50.57 ms, found 3 plugins.
Preloading 0 native plugins for Editor in 0.00 ms.
Mono: successfully reloaded assembly
- Completed reload, in  1.330 seconds
Domain Reload Profiling:
	ReloadAssembly (1331ms)
		BeginReloadAssembly (191ms)
			ExecutionOrderSort (0ms)
			DisableScriptedObjects (6ms)
			BackupInstance (0ms)
			ReleaseScriptingObjects (0ms)
			CreateAndSetChildDomain (19ms)
		EndReloadAssembly (1050ms)
			LoadAssemblies (130ms)
			RebuildTransferFunctionScriptingTraits (0ms)
			SetupTypeCache (331ms)
			ReleaseScriptCaches (1ms)
			RebuildScriptCaches (49ms)
			SetupLoadedEditorAssemblies (416ms)
				LogAssemblyErrors (0ms)
				InitializePlatformSupportModulesInManaged (6ms)
				SetLoadedEditorAssemblies (0ms)
				RefreshPlugins (51ms)
				BeforeProcessingInitializeOnLoad (111ms)
				ProcessInitializeOnLoadAttributes (209ms)
				ProcessInitializeOnLoadMethodAttributes (18ms)
				AfterProcessingInitializeOnLoad (22ms)
				EditorAssembliesLoaded (0ms)
			ExecutionOrderSort2 (0ms)
			AwakeInstancesAfterBackupRestoration (8ms)
Platform modules already initialized, skipping
========================================================================
Worker process is ready to serve import requests
Launched and connected shader compiler UnityShaderCompiler.exe after 0.07 seconds
Refreshing native plugins compatible for Editor in 0.52 ms, found 3 plugins.
Preloading 0 native plugins for Editor in 0.00 ms.
Unloading 2234 Unused Serialized files (Serialized files now loaded: 0)
System memory in use before: 98.6 MB.
System memory in use after: 98.7 MB.

Unloading 28 unused Assets to reduce memory usage. Loaded Objects now: 2669.
Total: 3.181200 ms (FindLiveObjects: 0.178000 ms CreateObjectMapping: 0.054400 ms MarkObjects: 2.876600 ms  DeleteObjects: 0.071500 ms)

AssetImportParameters requested are different than current active one (requested -> active):
  custom:framework-win-MediaFoundation: 216162199b28c13a410421893ffa2e32 -> 
  custom:video-decoder-ogg-theora: a1e56fd34408186e4bbccfd4996cb3dc -> 
  custom:container-muxer-webm: aa71ff27fc2769a1b78a27578f13a17b -> 
  custom:container-demuxer-webm: 4f35f7cbe854078d1ac9338744f61a02 -> 
  custom:container-demuxer-ogg: 62fdf1f143b41e24485cea50d1cbac27 -> 
  custom:video-encoder-webm-vp8: eb34c28f22e8b96e1ab97ce403110664 -> 
  custom:video-decoder-webm-vp8: 9c59270c3fd7afecdb556c50c9e8de78 -> 
  custom:audio-decoder-ogg-vorbis: bf7c407c2cedff20999df2af8eb42d56 -> 
  custom:audio-encoder-webm-vorbis: bf7c407c2cedff20999df2af8eb42d56 -> 
========================================================================
Received Import Request.
  path: Assets/Animation/Player/Player.controller
  artifactKey: Guid(936aeebdc46c0414da11e30cc3f341fe) Importer(815301076,1909f56bfc062723c751e8b465ee728b)
Start importing Assets/Animation/Player/Player.controller using Guid(936aeebdc46c0414da11e30cc3f341fe) Importer(815301076,1909f56bfc062723c751e8b465ee728b)  -> (artifact id: '8a128ed9be7364f4370c4e87e5e3ab66') in 0.058993 seconds 
  Import took 0.062333 seconds .

========================================================================
Received Prepare
Refreshing native plugins compatible for Editor in 5.20 ms, found 3 plugins.
Preloading 0 native plugins for Editor in 0.00 ms.
Unloading 15 Unused Serialized files (Serialized files now loaded: 0)
System memory in use before: 53.2 MB.
System memory in use after: 53.3 MB.

Unloading 15 unused Assets to reduce memory usage. Loaded Objects now: 2669.
Total: 3.476200 ms (FindLiveObjects: 0.181000 ms CreateObjectMapping: 0.051900 ms MarkObjects: 3.222400 ms  DeleteObjects: 0.020100 ms)

AssetImportParameters requested are different than current active one (requested -> active):
  custom:framework-win-MediaFoundation: 216162199b28c13a410421893ffa2e32 -> 
  custom:video-decoder-ogg-theora: a1e56fd34408186e4bbccfd4996cb3dc -> 
  custom:container-muxer-webm: aa71ff27fc2769a1b78a27578f13a17b -> 
  custom:container-demuxer-webm: 4f35f7cbe854078d1ac9338744f61a02 -> 
  custom:container-demuxer-ogg: 62fdf1f143b41e24485cea50d1cbac27 -> 
  custom:video-encoder-webm-vp8: eb34c28f22e8b96e1ab97ce403110664 -> 
  custom:video-decoder-webm-vp8: 9c59270c3fd7afecdb556c50c9e8de78 -> 
  custom:audio-decoder-ogg-vorbis: bf7c407c2cedff20999df2af8eb42d56 -> 
  custom:audio-encoder-webm-vorbis: bf7c407c2cedff20999df2af8eb42d56 -> 
========================================================================
Received Prepare
Registering precompiled user dll's ...
Registered in 0.005465 seconds.
Begin MonoManager ReloadAssembly
Native extension for WindowsStandalone target not found
Native extension for WebGL target not found
Refreshing native plugins compatible for Editor in 0.53 ms, found 3 plugins.
Preloading 0 native plugins for Editor in 0.00 ms.
Mono: successfully reloaded assembly
- Completed reload, in  1.207 seconds
Domain Reload Profiling:
	ReloadAssembly (1207ms)
		BeginReloadAssembly (149ms)
			ExecutionOrderSort (0ms)
			DisableScriptedObjects (7ms)
			BackupInstance (0ms)
			ReleaseScriptingObjects (0ms)
			CreateAndSetChildDomain (34ms)
		EndReloadAssembly (967ms)
			LoadAssemblies (125ms)
			RebuildTransferFunctionScriptingTraits (0ms)
			SetupTypeCache (321ms)
			ReleaseScriptCaches (1ms)
			RebuildScriptCaches (49ms)
			SetupLoadedEditorAssemblies (374ms)
				LogAssemblyErrors (0ms)
				InitializePlatformSupportModulesInManaged (7ms)
				SetLoadedEditorAssemblies (1ms)
				RefreshPlugins (1ms)
				BeforeProcessingInitializeOnLoad (125ms)
				ProcessInitializeOnLoadAttributes (208ms)
				ProcessInitializeOnLoadMethodAttributes (12ms)
				AfterProcessingInitializeOnLoad (21ms)
				EditorAssembliesLoaded (0ms)
			ExecutionOrderSort2 (0ms)
			AwakeInstancesAfterBackupRestoration (10ms)
Platform modules already initialized, skipping
Refreshing native plugins compatible for Editor in 0.54 ms, found 3 plugins.
Preloading 0 native plugins for Editor in 0.00 ms.
Unloading 2210 Unused Serialized files (Serialized files now loaded: 0)
System memory in use before: 96.8 MB.
System memory in use after: 96.9 MB.

Unloading 17 unused Assets to reduce memory usage. Loaded Objects now: 2671.
Total: 3.276100 ms (FindLiveObjects: 0.217800 ms CreateObjectMapping: 0.052900 ms MarkObjects: 2.982400 ms  DeleteObjects: 0.022200 ms)

AssetImportParameters requested are different than current active one (requested -> active):
  custom:framework-win-MediaFoundation: 216162199b28c13a410421893ffa2e32 -> 
  custom:video-decoder-ogg-theora: a1e56fd34408186e4bbccfd4996cb3dc -> 
  custom:container-muxer-webm: aa71ff27fc2769a1b78a27578f13a17b -> 
  custom:container-demuxer-webm: 4f35f7cbe854078d1ac9338744f61a02 -> 
  custom:container-demuxer-ogg: 62fdf1f143b41e24485cea50d1cbac27 -> 
  custom:video-encoder-webm-vp8: eb34c28f22e8b96e1ab97ce403110664 -> 
  custom:video-decoder-webm-vp8: 9c59270c3fd7afecdb556c50c9e8de78 -> 
  custom:audio-decoder-ogg-vorbis: bf7c407c2cedff20999df2af8eb42d56 -> 
  custom:audio-encoder-webm-vorbis: bf7c407c2cedff20999df2af8eb42d56 -> 
========================================================================
Received Prepare
Registering precompiled user dll's ...
Registered in 0.005504 seconds.
Begin MonoManager ReloadAssembly
Native extension for WindowsStandalone target not found
Native extension for WebGL target not found
Refreshing native plugins compatible for Editor in 0.53 ms, found 3 plugins.
Preloading 0 native plugins for Editor in 0.00 ms.
Mono: successfully reloaded assembly
- Completed reload, in  1.195 seconds
Domain Reload Profiling:
	ReloadAssembly (1196ms)
		BeginReloadAssembly (143ms)
			ExecutionOrderSort (0ms)
			DisableScriptedObjects (7ms)
			BackupInstance (0ms)
			ReleaseScriptingObjects (0ms)
			CreateAndSetChildDomain (33ms)
		EndReloadAssembly (963ms)
			LoadAssemblies (124ms)
			RebuildTransferFunctionScriptingTraits (0ms)
			SetupTypeCache (316ms)
			ReleaseScriptCaches (1ms)
			RebuildScriptCaches (49ms)
			SetupLoadedEditorAssemblies (375ms)
				LogAssemblyErrors (0ms)
				InitializePlatformSupportModulesInManaged (7ms)
				SetLoadedEditorAssemblies (1ms)
				RefreshPlugins (1ms)
				BeforeProcessingInitializeOnLoad (122ms)
				ProcessInitializeOnLoadAttributes (212ms)
				ProcessInitializeOnLoadMethodAttributes (12ms)
				AfterProcessingInitializeOnLoad (22ms)
				EditorAssembliesLoaded (0ms)
			ExecutionOrderSort2 (0ms)
			AwakeInstancesAfterBackupRestoration (10ms)
Platform modules already initialized, skipping
Refreshing native plugins compatible for Editor in 0.58 ms, found 3 plugins.
Preloading 0 native plugins for Editor in 0.00 ms.
Unloading 2210 Unused Serialized files (Serialized files now loaded: 0)
System memory in use before: 96.8 MB.
System memory in use after: 97.0 MB.

Unloading 17 unused Assets to reduce memory usage. Loaded Objects now: 2673.
Total: 3.143300 ms (FindLiveObjects: 0.190400 ms CreateObjectMapping: 0.053400 ms MarkObjects: 2.877500 ms  DeleteObjects: 0.021100 ms)

AssetImportParameters requested are different than current active one (requested -> active):
  custom:framework-win-MediaFoundation: 216162199b28c13a410421893ffa2e32 -> 
  custom:video-decoder-ogg-theora: a1e56fd34408186e4bbccfd4996cb3dc -> 
  custom:container-muxer-webm: aa71ff27fc2769a1b78a27578f13a17b -> 
  custom:container-demuxer-webm: 4f35f7cbe854078d1ac9338744f61a02 -> 
  custom:container-demuxer-ogg: 62fdf1f143b41e24485cea50d1cbac27 -> 
  custom:video-encoder-webm-vp8: eb34c28f22e8b96e1ab97ce403110664 -> 
  custom:video-decoder-webm-vp8: 9c59270c3fd7afecdb556c50c9e8de78 -> 
  custom:audio-decoder-ogg-vorbis: bf7c407c2cedff20999df2af8eb42d56 -> 
  custom:audio-encoder-webm-vorbis: bf7c407c2cedff20999df2af8eb42d56 -> 
========================================================================
Received Import Request.
  Time since last request: 332.688008 seconds.
  path: Assets/Pictures/CartoonViking/CartoonViking/IdleGun01/IdleGun01_10.png
  artifactKey: Guid(f663ff8d760c23746bd649e8bf9d82dd) Importer(815301076,1909f56bfc062723c751e8b465ee728b)
Start importing Assets/Pictures/CartoonViking/CartoonViking/IdleGun01/IdleGun01_10.png using Guid(f663ff8d760c23746bd649e8bf9d82dd) Importer(815301076,1909f56bfc062723c751e8b465ee728b)  -> (artifact id: '972d453436885a89a03bd154561c80f6') in 0.118827 seconds 
  Import took 0.122099 seconds .

========================================================================
Received Import Request.
  Time since last request: 0.000281 seconds.
  path: Assets/Pictures/CartoonViking/CartoonViking/IdleGun01/IdleGun01_13.png
  artifactKey: Guid(31758a360729db44382b5ab554865097) Importer(815301076,1909f56bfc062723c751e8b465ee728b)
Start importing Assets/Pictures/CartoonViking/CartoonViking/IdleGun01/IdleGun01_13.png using Guid(31758a360729db44382b5ab554865097) Importer(815301076,1909f56bfc062723c751e8b465ee728b)  -> (artifact id: '9cb306cd111382a3f2a7b99746b3f01c') in 0.010991 seconds 
  Import took 0.014007 seconds .

========================================================================
Received Import Request.
  Time since last request: 0.000284 seconds.
  path: Assets/Pictures/CartoonViking/CartoonViking/IdleGun01/IdleGun01_20.png
  artifactKey: Guid(b54a926ecfd76ae4bac5609e2a8ac47e) Importer(815301076,1909f56bfc062723c751e8b465ee728b)
Start importing Assets/Pictures/CartoonViking/CartoonViking/IdleGun01/IdleGun01_20.png using Guid(b54a926ecfd76ae4bac5609e2a8ac47e) Importer(815301076,1909f56bfc062723c751e8b465ee728b)  -> (artifact id: 'db2a5ffa6a60584902f2ff7f12737d92') in 0.011707 seconds 
  Import took 0.014775 seconds .

========================================================================
Received Import Request.
  Time since last request: 0.000285 seconds.
  path: Assets/Pictures/CartoonViking/CartoonViking/IdleGun01/IdleGun01_19.png
  artifactKey: Guid(c2d6998166fe58f4f948f779234ef3e4) Importer(815301076,1909f56bfc062723c751e8b465ee728b)
Start importing Assets/Pictures/CartoonViking/CartoonViking/IdleGun01/IdleGun01_19.png using Guid(c2d6998166fe58f4f948f779234ef3e4) Importer(815301076,1909f56bfc062723c751e8b465ee728b)  -> (artifact id: '6afd2e7a2c389f3236367d18dc89eb42') in 0.010641 seconds 
  Import took 0.013783 seconds .

========================================================================
Received Import Request.
  Time since last request: 0.000329 seconds.
  path: Assets/Pictures/CartoonViking/CartoonViking/IdleGun01/IdleGun01_03.png
  artifactKey: Guid(8ab4b3a4f17db8140a12b0f85e8520c1) Importer(815301076,1909f56bfc062723c751e8b465ee728b)
Start importing Assets/Pictures/CartoonViking/CartoonViking/IdleGun01/IdleGun01_03.png using Guid(8ab4b3a4f17db8140a12b0f85e8520c1) Importer(815301076,1909f56bfc062723c751e8b465ee728b)  -> (artifact id: 'e0f8aa663b975a03e64737c5da8e552c') in 0.012116 seconds 
  Import took 0.015560 seconds .

========================================================================
Received Import Request.
  Time since last request: 0.000302 seconds.
  path: Assets/Pictures/CartoonViking/CartoonViking/IdleGun01/IdleGun01_16.png
  artifactKey: Guid(5243b67fdeb67114bbdcc7da36fca073) Importer(815301076,1909f56bfc062723c751e8b465ee728b)
Start importing Assets/Pictures/CartoonViking/CartoonViking/IdleGun01/IdleGun01_16.png using Guid(5243b67fdeb67114bbdcc7da36fca073) Importer(815301076,1909f56bfc062723c751e8b465ee728b)  -> (artifact id: '6f76c6f216179137a08280536f2ccdfd') in 0.010873 seconds 
  Import took 0.014420 seconds .

========================================================================
Received Import Request.
  Time since last request: 0.000274 seconds.
  path: Assets/Pictures/CartoonViking/CartoonViking/IdleGun01/IdleGun01_14.png
  artifactKey: Guid(6200632ccc99efe419fa9a6c2e7784db) Importer(815301076,1909f56bfc062723c751e8b465ee728b)
Start importing Assets/Pictures/CartoonViking/CartoonViking/IdleGun01/IdleGun01_14.png using Guid(6200632ccc99efe419fa9a6c2e7784db) Importer(815301076,1909f56bfc062723c751e8b465ee728b)  -> (artifact id: '3f5b17b15092c973218aebed65181b2c') in 0.012064 seconds 
  Import took 0.015089 seconds .

========================================================================
Received Import Request.
  Time since last request: 0.000299 seconds.
  path: Assets/Pictures/CartoonViking/CartoonViking/IdleGun01/IdleGun01_05.png
  artifactKey: Guid(73a794c9b5bb0294b8e0b465b74a370a) Importer(815301076,1909f56bfc062723c751e8b465ee728b)
Start importing Assets/Pictures/CartoonViking/CartoonViking/IdleGun01/IdleGun01_05.png using Guid(73a794c9b5bb0294b8e0b465b74a370a) Importer(815301076,1909f56bfc062723c751e8b465ee728b)  -> (artifact id: '7d8277c8a2c1b3726333b127d068d7dd') in 0.011906 seconds 
  Import took 0.014925 seconds .

========================================================================
Received Import Request.
  Time since last request: 0.000294 seconds.
  path: Assets/Pictures/CartoonViking/CartoonViking/IdleGun01/IdleGun01_12.png
  artifactKey: Guid(616628f224df4d74b8d2e7f92a12ca19) Importer(815301076,1909f56bfc062723c751e8b465ee728b)
Start importing Assets/Pictures/CartoonViking/CartoonViking/IdleGun01/IdleGun01_12.png using Guid(616628f224df4d74b8d2e7f92a12ca19) Importer(815301076,1909f56bfc062723c751e8b465ee728b)  -> (artifact id: '1881abe86ad46e0e8eb918b89519c2e1') in 0.012283 seconds 
  Import took 0.015426 seconds .

========================================================================
Received Import Request.
  Time since last request: 0.000255 seconds.
  path: Assets/Pictures/CartoonViking/CartoonViking/IdleGun01/IdleGun01_04.png
  artifactKey: Guid(a38d8f2417dbdec4da8bf866da44a606) Importer(815301076,1909f56bfc062723c751e8b465ee728b)
Start importing Assets/Pictures/CartoonViking/CartoonViking/IdleGun01/IdleGun01_04.png using Guid(a38d8f2417dbdec4da8bf866da44a606) Importer(815301076,1909f56bfc062723c751e8b465ee728b)  -> (artifact id: '326264a756ba2e5216c1de6584519137') in 0.011630 seconds 
  Import took 0.014787 seconds .

========================================================================
Received Import Request.
  Time since last request: 0.000307 seconds.
  path: Assets/Pictures/CartoonViking/CartoonViking/IdleGun01/IdleGun01_06.png
  artifactKey: Guid(1c3d42debc7abb2439938f496207ae5b) Importer(815301076,1909f56bfc062723c751e8b465ee728b)
Start importing Assets/Pictures/CartoonViking/CartoonViking/IdleGun01/IdleGun01_06.png using Guid(1c3d42debc7abb2439938f496207ae5b) Importer(815301076,1909f56bfc062723c751e8b465ee728b)  -> (artifact id: 'e28b8ad84d1a40669c63671700cb5bee') in 0.011262 seconds 
  Import took 0.014357 seconds .

========================================================================
Received Import Request.
  Time since last request: 0.000293 seconds.
  path: Assets/Pictures/CartoonViking/CartoonViking/IdleGun01/IdleGun01_18.png
  artifactKey: Guid(b30fb1f9715175b4ca88acc6bbd5bc9d) Importer(815301076,1909f56bfc062723c751e8b465ee728b)
Start importing Assets/Pictures/CartoonViking/CartoonViking/IdleGun01/IdleGun01_18.png using Guid(b30fb1f9715175b4ca88acc6bbd5bc9d) Importer(815301076,1909f56bfc062723c751e8b465ee728b)  -> (artifact id: '0e2d416933c85ca9e14f24a8aa46cdc0') in 0.010818 seconds 
  Import took 0.013980 seconds .

========================================================================
Received Import Request.
  Time since last request: 0.000348 seconds.
  path: Assets/Pictures/CartoonViking/CartoonViking/IdleGun01/IdleGun01_11.png
  artifactKey: Guid(d22a6af26118b4e4d9be223642ec3082) Importer(815301076,1909f56bfc062723c751e8b465ee728b)
Start importing Assets/Pictures/CartoonViking/CartoonViking/IdleGun01/IdleGun01_11.png using Guid(d22a6af26118b4e4d9be223642ec3082) Importer(815301076,1909f56bfc062723c751e8b465ee728b)  -> (artifact id: '905173187db2b26bd4c7f31765d7b142') in 0.010984 seconds 
  Import took 0.014464 seconds .

========================================================================
Received Import Request.
  Time since last request: 0.000309 seconds.
  path: Assets/Pictures/CartoonViking/CartoonViking/IdleGun01/IdleGun01_09.png
  artifactKey: Guid(a686778503f36a54ca8c55fbecbcdcc2) Importer(815301076,1909f56bfc062723c751e8b465ee728b)
Start importing Assets/Pictures/CartoonViking/CartoonViking/IdleGun01/IdleGun01_09.png using Guid(a686778503f36a54ca8c55fbecbcdcc2) Importer(815301076,1909f56bfc062723c751e8b465ee728b)  -> (artifact id: '08da8abac6432b5c753c2ef7e2e60199') in 0.011120 seconds 
  Import took 0.014516 seconds .

========================================================================
Received Import Request.
  Time since last request: 0.000329 seconds.
  path: Assets/Pictures/CartoonViking/CartoonViking/IdleGun01/IdleGun01_15.png
  artifactKey: Guid(ede53160682ddc74fb1127ecfbd88d3b) Importer(815301076,1909f56bfc062723c751e8b465ee728b)
Start importing Assets/Pictures/CartoonViking/CartoonViking/IdleGun01/IdleGun01_15.png using Guid(ede53160682ddc74fb1127ecfbd88d3b) Importer(815301076,1909f56bfc062723c751e8b465ee728b)  -> (artifact id: '49301cca6475813d73b03890bbef9cc6') in 0.011206 seconds 
  Import took 0.014331 seconds .

========================================================================
Received Import Request.
  Time since last request: 0.000291 seconds.
  path: Assets/Pictures/CartoonViking/CartoonViking/IdleGun01/IdleGun01_02.png
  artifactKey: Guid(986d31a736e6980409f496b4af3c183b) Importer(815301076,1909f56bfc062723c751e8b465ee728b)
Start importing Assets/Pictures/CartoonViking/CartoonViking/IdleGun01/IdleGun01_02.png using Guid(986d31a736e6980409f496b4af3c183b) Importer(815301076,1909f56bfc062723c751e8b465ee728b)  -> (artifact id: '830a20124c3dbb532aa7f0994fa5ec5a') in 0.011667 seconds 
  Import took 0.014937 seconds .

========================================================================
Received Import Request.
  Time since last request: 0.000260 seconds.
  path: Assets/Pictures/CartoonViking/CartoonViking/IdleGun01/IdleGun01_08.png
  artifactKey: Guid(71632e0aeb18e614fa9c3e2b119790de) Importer(815301076,1909f56bfc062723c751e8b465ee728b)
Start importing Assets/Pictures/CartoonViking/CartoonViking/IdleGun01/IdleGun01_08.png using Guid(71632e0aeb18e614fa9c3e2b119790de) Importer(815301076,1909f56bfc062723c751e8b465ee728b)  -> (artifact id: '41e6eb69a9adbbc33333d906439035c9') in 0.011309 seconds 
  Import took 0.014382 seconds .

========================================================================
Received Import Request.
  Time since last request: 0.000285 seconds.
  path: Assets/Pictures/CartoonViking/CartoonViking/IdleGun01/IdleGun01_17.png
  artifactKey: Guid(8fd14f309c1f75f49a8090d6d23674bf) Importer(815301076,1909f56bfc062723c751e8b465ee728b)
Start importing Assets/Pictures/CartoonViking/CartoonViking/IdleGun01/IdleGun01_17.png using Guid(8fd14f309c1f75f49a8090d6d23674bf) Importer(815301076,1909f56bfc062723c751e8b465ee728b)  -> (artifact id: '3402710f4931a2864758a725f71b2099') in 0.014152 seconds 
  Import took 0.017226 seconds .

========================================================================
Received Import Request.
  Time since last request: 0.000294 seconds.
  path: Assets/Pictures/CartoonViking/CartoonViking/IdleGun01/IdleGun01_07.png
  artifactKey: Guid(cb8f063ddcbbc6c4c8e1bb3d6f2b9b61) Importer(815301076,1909f56bfc062723c751e8b465ee728b)
Start importing Assets/Pictures/CartoonViking/CartoonViking/IdleGun01/IdleGun01_07.png using Guid(cb8f063ddcbbc6c4c8e1bb3d6f2b9b61) Importer(815301076,1909f56bfc062723c751e8b465ee728b)  -> (artifact id: '5ac369f3d76d7738a0eec326e736a2f7') in 0.011172 seconds 
  Import took 0.014273 seconds .

========================================================================
Received Prepare
Registering precompiled user dll's ...
Registered in 0.006032 seconds.
Begin MonoManager ReloadAssembly
Native extension for WindowsStandalone target not found
Native extension for WebGL target not found
Refreshing native plugins compatible for Editor in 0.55 ms, found 3 plugins.
Preloading 0 native plugins for Editor in 0.00 ms.
Mono: successfully reloaded assembly
- Completed reload, in  1.235 seconds
Domain Reload Profiling:
	ReloadAssembly (1235ms)
		BeginReloadAssembly (145ms)
			ExecutionOrderSort (0ms)
			DisableScriptedObjects (7ms)
			BackupInstance (0ms)
			ReleaseScriptingObjects (0ms)
			CreateAndSetChildDomain (34ms)
		EndReloadAssembly (1001ms)
			LoadAssemblies (123ms)
			RebuildTransferFunctionScriptingTraits (0ms)
			SetupTypeCache (336ms)
			ReleaseScriptCaches (2ms)
			RebuildScriptCaches (55ms)
			SetupLoadedEditorAssemblies (380ms)
				LogAssemblyErrors (0ms)
				InitializePlatformSupportModulesInManaged (8ms)
				SetLoadedEditorAssemblies (1ms)
				RefreshPlugins (1ms)
				BeforeProcessingInitializeOnLoad (122ms)
				ProcessInitializeOnLoadAttributes (215ms)
				ProcessInitializeOnLoadMethodAttributes (12ms)
				AfterProcessingInitializeOnLoad (22ms)
				EditorAssembliesLoaded (0ms)
			ExecutionOrderSort2 (0ms)
			AwakeInstancesAfterBackupRestoration (10ms)
Platform modules already initialized, skipping
Refreshing native plugins compatible for Editor in 0.70 ms, found 3 plugins.
Preloading 0 native plugins for Editor in 0.00 ms.
Unloading 2210 Unused Serialized files (Serialized files now loaded: 0)
System memory in use before: 99.8 MB.
System memory in use after: 99.9 MB.

Unloading 17 unused Assets to reduce memory usage. Loaded Objects now: 2681.
Total: 3.329300 ms (FindLiveObjects: 0.194700 ms CreateObjectMapping: 0.051700 ms MarkObjects: 3.058300 ms  DeleteObjects: 0.023900 ms)

AssetImportParameters requested are different than current active one (requested -> active):
  custom:framework-win-MediaFoundation: 216162199b28c13a410421893ffa2e32 -> 
  custom:video-decoder-ogg-theora: a1e56fd34408186e4bbccfd4996cb3dc -> 
  custom:container-muxer-webm: aa71ff27fc2769a1b78a27578f13a17b -> 
  custom:container-demuxer-webm: 4f35f7cbe854078d1ac9338744f61a02 -> 
  custom:container-demuxer-ogg: 62fdf1f143b41e24485cea50d1cbac27 -> 
  custom:video-encoder-webm-vp8: eb34c28f22e8b96e1ab97ce403110664 -> 
  custom:video-decoder-webm-vp8: 9c59270c3fd7afecdb556c50c9e8de78 -> 
  custom:audio-decoder-ogg-vorbis: bf7c407c2cedff20999df2af8eb42d56 -> 
  custom:audio-encoder-webm-vorbis: bf7c407c2cedff20999df2af8eb42d56 -> 
========================================================================
Received Prepare
Registering precompiled user dll's ...
Registered in 0.005995 seconds.
Begin MonoManager ReloadAssembly
Native extension for WindowsStandalone target not found
Native extension for WebGL target not found
Refreshing native plugins compatible for Editor in 0.56 ms, found 3 plugins.
Preloading 0 native plugins for Editor in 0.00 ms.
Mono: successfully reloaded assembly
- Completed reload, in  1.228 seconds
Domain Reload Profiling:
	ReloadAssembly (1228ms)
		BeginReloadAssembly (148ms)
			ExecutionOrderSort (0ms)
			DisableScriptedObjects (7ms)
			BackupInstance (0ms)
			ReleaseScriptingObjects (0ms)
			CreateAndSetChildDomain (33ms)
		EndReloadAssembly (988ms)
			LoadAssemblies (131ms)
			RebuildTransferFunctionScriptingTraits (0ms)
			SetupTypeCache (335ms)
			ReleaseScriptCaches (1ms)
			RebuildScriptCaches (49ms)
			SetupLoadedEditorAssemblies (376ms)
				LogAssemblyErrors (0ms)
				InitializePlatformSupportModulesInManaged (7ms)
				SetLoadedEditorAssemblies (1ms)
				RefreshPlugins (1ms)
				BeforeProcessingInitializeOnLoad (122ms)
				ProcessInitializeOnLoadAttributes (211ms)
				ProcessInitializeOnLoadMethodAttributes (12ms)
				AfterProcessingInitializeOnLoad (22ms)
				EditorAssembliesLoaded (0ms)
			ExecutionOrderSort2 (0ms)
			AwakeInstancesAfterBackupRestoration (10ms)
Platform modules already initialized, skipping
Refreshing native plugins compatible for Editor in 0.56 ms, found 3 plugins.
Preloading 0 native plugins for Editor in 0.00 ms.
Unloading 2210 Unused Serialized files (Serialized files now loaded: 0)
System memory in use before: 99.8 MB.
System memory in use after: 99.9 MB.

Unloading 17 unused Assets to reduce memory usage. Loaded Objects now: 2683.
Total: 3.180700 ms (FindLiveObjects: 0.186100 ms CreateObjectMapping: 0.053600 ms MarkObjects: 2.918800 ms  DeleteObjects: 0.021000 ms)

AssetImportParameters requested are different than current active one (requested -> active):
  custom:framework-win-MediaFoundation: 216162199b28c13a410421893ffa2e32 -> 
  custom:video-decoder-ogg-theora: a1e56fd34408186e4bbccfd4996cb3dc -> 
  custom:container-muxer-webm: aa71ff27fc2769a1b78a27578f13a17b -> 
  custom:container-demuxer-webm: 4f35f7cbe854078d1ac9338744f61a02 -> 
  custom:container-demuxer-ogg: 62fdf1f143b41e24485cea50d1cbac27 -> 
  custom:video-encoder-webm-vp8: eb34c28f22e8b96e1ab97ce403110664 -> 
  custom:video-decoder-webm-vp8: 9c59270c3fd7afecdb556c50c9e8de78 -> 
  custom:audio-decoder-ogg-vorbis: bf7c407c2cedff20999df2af8eb42d56 -> 
  custom:audio-encoder-webm-vorbis: bf7c407c2cedff20999df2af8eb42d56 -> 
========================================================================
Received Prepare
Registering precompiled user dll's ...
Registered in 0.005396 seconds.
Begin MonoManager ReloadAssembly
Native extension for WindowsStandalone target not found
Native extension for WebGL target not found
Refreshing native plugins compatible for Editor in 0.57 ms, found 3 plugins.
Preloading 0 native plugins for Editor in 0.00 ms.
Mono: successfully reloaded assembly
- Completed reload, in  1.217 seconds
Domain Reload Profiling:
	ReloadAssembly (1217ms)
		BeginReloadAssembly (145ms)
			ExecutionOrderSort (0ms)
			DisableScriptedObjects (7ms)
			BackupInstance (0ms)
			ReleaseScriptingObjects (0ms)
			CreateAndSetChildDomain (33ms)
		EndReloadAssembly (983ms)
			LoadAssemblies (124ms)
			RebuildTransferFunctionScriptingTraits (0ms)
			SetupTypeCache (329ms)
			ReleaseScriptCaches (2ms)
			RebuildScriptCaches (50ms)
			SetupLoadedEditorAssemblies (377ms)
				LogAssemblyErrors (0ms)
				InitializePlatformSupportModulesInManaged (7ms)
				SetLoadedEditorAssemblies (1ms)
				RefreshPlugins (1ms)
				BeforeProcessingInitializeOnLoad (122ms)
				ProcessInitializeOnLoadAttributes (211ms)
				ProcessInitializeOnLoadMethodAttributes (13ms)
				AfterProcessingInitializeOnLoad (22ms)
				EditorAssembliesLoaded (0ms)
			ExecutionOrderSort2 (0ms)
			AwakeInstancesAfterBackupRestoration (10ms)
Platform modules already initialized, skipping
Refreshing native plugins compatible for Editor in 0.55 ms, found 3 plugins.
Preloading 0 native plugins for Editor in 0.00 ms.
Unloading 2210 Unused Serialized files (Serialized files now loaded: 0)
System memory in use before: 99.9 MB.
System memory in use after: 100.1 MB.

Unloading 17 unused Assets to reduce memory usage. Loaded Objects now: 2685.
Total: 3.163400 ms (FindLiveObjects: 0.188000 ms CreateObjectMapping: 0.053800 ms MarkObjects: 2.900700 ms  DeleteObjects: 0.020000 ms)

AssetImportParameters requested are different than current active one (requested -> active):
  custom:framework-win-MediaFoundation: 216162199b28c13a410421893ffa2e32 -> 
  custom:video-decoder-ogg-theora: a1e56fd34408186e4bbccfd4996cb3dc -> 
  custom:container-muxer-webm: aa71ff27fc2769a1b78a27578f13a17b -> 
  custom:container-demuxer-webm: 4f35f7cbe854078d1ac9338744f61a02 -> 
  custom:container-demuxer-ogg: 62fdf1f143b41e24485cea50d1cbac27 -> 
  custom:video-encoder-webm-vp8: eb34c28f22e8b96e1ab97ce403110664 -> 
  custom:video-decoder-webm-vp8: 9c59270c3fd7afecdb556c50c9e8de78 -> 
  custom:audio-decoder-ogg-vorbis: bf7c407c2cedff20999df2af8eb42d56 -> 
  custom:audio-encoder-webm-vorbis: bf7c407c2cedff20999df2af8eb42d56 -> 
========================================================================
Received Prepare
Registering precompiled user dll's ...
Registered in 0.006336 seconds.
Begin MonoManager ReloadAssembly
Native extension for WindowsStandalone target not found
Native extension for WebGL target not found
Refreshing native plugins compatible for Editor in 0.63 ms, found 3 plugins.
Preloading 0 native plugins for Editor in 0.00 ms.
Mono: successfully reloaded assembly
- Completed reload, in  1.269 seconds
Domain Reload Profiling:
	ReloadAssembly (1269ms)
		BeginReloadAssembly (154ms)
			ExecutionOrderSort (0ms)
			DisableScriptedObjects (8ms)
			BackupInstance (0ms)
			ReleaseScriptingObjects (0ms)
			CreateAndSetChildDomain (36ms)
		EndReloadAssembly (1019ms)
			LoadAssemblies (133ms)
			RebuildTransferFunctionScriptingTraits (0ms)
			SetupTypeCache (340ms)
			ReleaseScriptCaches (1ms)
			RebuildScriptCaches (52ms)
			SetupLoadedEditorAssemblies (386ms)
				LogAssemblyErrors (0ms)
				InitializePlatformSupportModulesInManaged (7ms)
				SetLoadedEditorAssemblies (1ms)
				RefreshPlugins (1ms)
				BeforeProcessingInitializeOnLoad (128ms)
				ProcessInitializeOnLoadAttributes (216ms)
				ProcessInitializeOnLoadMethodAttributes (12ms)
				AfterProcessingInitializeOnLoad (21ms)
				EditorAssembliesLoaded (0ms)
			ExecutionOrderSort2 (0ms)
			AwakeInstancesAfterBackupRestoration (12ms)
Platform modules already initialized, skipping
Refreshing native plugins compatible for Editor in 0.54 ms, found 3 plugins.
Preloading 0 native plugins for Editor in 0.00 ms.
Unloading 2210 Unused Serialized files (Serialized files now loaded: 0)
System memory in use before: 99.9 MB.
System memory in use after: 100.1 MB.

Unloading 17 unused Assets to reduce memory usage. Loaded Objects now: 2687.
Total: 3.315900 ms (FindLiveObjects: 0.193900 ms CreateObjectMapping: 0.055000 ms MarkObjects: 3.037900 ms  DeleteObjects: 0.027800 ms)

AssetImportParameters requested are different than current active one (requested -> active):
  custom:framework-win-MediaFoundation: 216162199b28c13a410421893ffa2e32 -> 
  custom:video-decoder-ogg-theora: a1e56fd34408186e4bbccfd4996cb3dc -> 
  custom:container-muxer-webm: aa71ff27fc2769a1b78a27578f13a17b -> 
  custom:container-demuxer-webm: 4f35f7cbe854078d1ac9338744f61a02 -> 
  custom:container-demuxer-ogg: 62fdf1f143b41e24485cea50d1cbac27 -> 
  custom:video-encoder-webm-vp8: eb34c28f22e8b96e1ab97ce403110664 -> 
  custom:video-decoder-webm-vp8: 9c59270c3fd7afecdb556c50c9e8de78 -> 
  custom:audio-decoder-ogg-vorbis: bf7c407c2cedff20999df2af8eb42d56 -> 
  custom:audio-encoder-webm-vorbis: bf7c407c2cedff20999df2af8eb42d56 -> 
AssetImportWorkerClient::OnTransportError - code=2 error=End of file
